{"/Users/oscarjigbring/Documents/skolkod/testning_inlamning/postcss.config.js": {"path":"/Users/oscarjigbring/Documents/skolkod/testning_inlamning/postcss.config.js","all":true,"statementMap":{"0":{"start":{"line":1,"column":0},"end":{"line":1,"column":16}},"1":{"start":{"line":2,"column":0},"end":{"line":2,"column":12}},"2":{"start":{"line":3,"column":0},"end":{"line":3,"column":20}},"3":{"start":{"line":4,"column":0},"end":{"line":4,"column":21}},"4":{"start":{"line":5,"column":0},"end":{"line":5,"column":4}},"5":{"start":{"line":6,"column":0},"end":{"line":6,"column":1}}},"s":{"0":0,"1":0,"2":0,"3":0,"4":0,"5":0},"branchMap":{"0":{"type":"branch","line":1,"loc":{"start":{"line":1,"column":0},"end":{"line":6,"column":-11}},"locations":[{"start":{"line":1,"column":0},"end":{"line":6,"column":-11}}]}},"b":{"0":[0]},"fnMap":{"0":{"name":"(empty-report)","decl":{"start":{"line":1,"column":0},"end":{"line":6,"column":-11}},"loc":{"start":{"line":1,"column":0},"end":{"line":6,"column":-11}},"line":1}},"f":{"0":0}}
,"/Users/oscarjigbring/Documents/skolkod/testning_inlamning/tailwind.config.js": {"path":"/Users/oscarjigbring/Documents/skolkod/testning_inlamning/tailwind.config.js","all":true,"statementMap":{"0":{"start":{"line":1,"column":0},"end":{"line":1,"column":43}},"1":{"start":{"line":2,"column":0},"end":{"line":2,"column":18}},"2":{"start":{"line":3,"column":0},"end":{"line":3,"column":42}},"3":{"start":{"line":4,"column":0},"end":{"line":4,"column":10}},"4":{"start":{"line":5,"column":0},"end":{"line":5,"column":15}},"5":{"start":{"line":6,"column":0},"end":{"line":6,"column":4}},"6":{"start":{"line":7,"column":0},"end":{"line":7,"column":14}},"7":{"start":{"line":8,"column":0},"end":{"line":8,"column":2}}},"s":{"0":0,"1":0,"2":0,"3":0,"4":0,"5":0,"6":0,"7":0},"branchMap":{"0":{"type":"branch","line":1,"loc":{"start":{"line":1,"column":155},"end":{"line":8,"column":2}},"locations":[{"start":{"line":1,"column":155},"end":{"line":8,"column":2}}]}},"b":{"0":[0]},"fnMap":{"0":{"name":"(empty-report)","decl":{"start":{"line":1,"column":155},"end":{"line":8,"column":2}},"loc":{"start":{"line":1,"column":155},"end":{"line":8,"column":2}},"line":1}},"f":{"0":0}}
,"/Users/oscarjigbring/Documents/skolkod/testning_inlamning/src/App.tsx": {"path":"/Users/oscarjigbring/Documents/skolkod/testning_inlamning/src/App.tsx","all":false,"statementMap":{"0":{"start":{"line":1,"column":0},"end":{"line":1,"column":33}},"1":{"start":{"line":2,"column":0},"end":{"line":2,"column":19}},"2":{"start":{"line":3,"column":0},"end":{"line":3,"column":45}},"3":{"start":{"line":4,"column":0},"end":{"line":4,"column":35}},"4":{"start":{"line":5,"column":0},"end":{"line":5,"column":41}},"5":{"start":{"line":6,"column":0},"end":{"line":6,"column":41}},"6":{"start":{"line":7,"column":0},"end":{"line":7,"column":49}},"7":{"start":{"line":8,"column":0},"end":{"line":8,"column":51}},"8":{"start":{"line":9,"column":0},"end":{"line":9,"column":40}},"10":{"start":{"line":11,"column":0},"end":{"line":11,"column":16}},"11":{"start":{"line":12,"column":0},"end":{"line":12,"column":45}},"13":{"start":{"line":14,"column":0},"end":{"line":14,"column":10}},"14":{"start":{"line":15,"column":0},"end":{"line":15,"column":6}},"15":{"start":{"line":16,"column":0},"end":{"line":16,"column":54}},"16":{"start":{"line":17,"column":0},"end":{"line":17,"column":18}},"17":{"start":{"line":18,"column":0},"end":{"line":18,"column":18}},"18":{"start":{"line":19,"column":0},"end":{"line":19,"column":58}},"19":{"start":{"line":20,"column":0},"end":{"line":20,"column":44}},"20":{"start":{"line":21,"column":0},"end":{"line":21,"column":54}},"21":{"start":{"line":22,"column":0},"end":{"line":22,"column":60}},"22":{"start":{"line":23,"column":0},"end":{"line":23,"column":25}},"23":{"start":{"line":24,"column":0},"end":{"line":24,"column":7}},"25":{"start":{"line":26,"column":0},"end":{"line":26,"column":1}},"27":{"start":{"line":28,"column":0},"end":{"line":28,"column":19}}},"s":{"0":1,"1":1,"2":1,"3":1,"4":1,"5":1,"6":1,"7":1,"8":1,"10":6,"11":6,"13":6,"14":6,"15":6,"16":6,"17":6,"18":6,"19":6,"20":6,"21":6,"22":6,"23":6,"25":6,"27":1},"branchMap":{"0":{"type":"branch","line":11,"loc":{"start":{"line":11,"column":0},"end":{"line":26,"column":1}},"locations":[{"start":{"line":11,"column":0},"end":{"line":26,"column":1}}]},"1":{"type":"branch","line":19,"loc":{"start":{"line":19,"column":21},"end":{"line":19,"column":53}},"locations":[{"start":{"line":19,"column":21},"end":{"line":19,"column":53}}]},"2":{"type":"branch","line":19,"loc":{"start":{"line":19,"column":48},"end":{"line":19,"column":58}},"locations":[{"start":{"line":19,"column":48},"end":{"line":19,"column":58}}]},"3":{"type":"branch","line":20,"loc":{"start":{"line":20,"column":21},"end":{"line":20,"column":39}},"locations":[{"start":{"line":20,"column":21},"end":{"line":20,"column":39}}]},"4":{"type":"branch","line":20,"loc":{"start":{"line":20,"column":34},"end":{"line":20,"column":44}},"locations":[{"start":{"line":20,"column":34},"end":{"line":20,"column":44}}]},"5":{"type":"branch","line":21,"loc":{"start":{"line":21,"column":21},"end":{"line":21,"column":49}},"locations":[{"start":{"line":21,"column":21},"end":{"line":21,"column":49}}]},"6":{"type":"branch","line":22,"loc":{"start":{"line":22,"column":21},"end":{"line":22,"column":55}},"locations":[{"start":{"line":22,"column":21},"end":{"line":22,"column":55}}]}},"b":{"0":[6],"1":[1],"2":[5],"3":[1],"4":[5],"5":[0],"6":[0]},"fnMap":{"0":{"name":"App","decl":{"start":{"line":11,"column":0},"end":{"line":26,"column":1}},"loc":{"start":{"line":11,"column":0},"end":{"line":26,"column":1}},"line":11}},"f":{"0":6}}
,"/Users/oscarjigbring/Documents/skolkod/testning_inlamning/src/PickContext.ts": {"path":"/Users/oscarjigbring/Documents/skolkod/testning_inlamning/src/PickContext.ts","all":false,"statementMap":{"0":{"start":{"line":1,"column":0},"end":{"line":1,"column":38}},"2":{"start":{"line":3,"column":0},"end":{"line":3,"column":53}}},"s":{"0":1,"2":1},"branchMap":{},"b":{},"fnMap":{},"f":{}}
,"/Users/oscarjigbring/Documents/skolkod/testning_inlamning/src/components/Addition.tsx": {"path":"/Users/oscarjigbring/Documents/skolkod/testning_inlamning/src/components/Addition.tsx","all":false,"statementMap":{"0":{"start":{"line":1,"column":0},"end":{"line":1,"column":36}},"1":{"start":{"line":2,"column":0},"end":{"line":2,"column":29}},"2":{"start":{"line":3,"column":0},"end":{"line":3,"column":1}}},"s":{"0":0,"1":0,"2":0},"branchMap":{},"b":{},"fnMap":{"0":{"name":"Addition","decl":{"start":{"line":1,"column":0},"end":{"line":3,"column":1}},"loc":{"start":{"line":1,"column":0},"end":{"line":3,"column":1}},"line":1}},"f":{"0":0}}
,"/Users/oscarjigbring/Documents/skolkod/testning_inlamning/src/components/BMI.tsx": {"path":"/Users/oscarjigbring/Documents/skolkod/testning_inlamning/src/components/BMI.tsx","all":false,"statementMap":{"0":{"start":{"line":1,"column":0},"end":{"line":1,"column":33}},"1":{"start":{"line":2,"column":0},"end":{"line":2,"column":38}},"6":{"start":{"line":7,"column":0},"end":{"line":7,"column":31}},"7":{"start":{"line":8,"column":0},"end":{"line":8,"column":42}},"8":{"start":{"line":9,"column":0},"end":{"line":9,"column":42}},"9":{"start":{"line":10,"column":0},"end":{"line":10,"column":42}},"10":{"start":{"line":11,"column":0},"end":{"line":11,"column":63}},"12":{"start":{"line":13,"column":0},"end":{"line":13,"column":32}},"13":{"start":{"line":14,"column":0},"end":{"line":14,"column":44}},"14":{"start":{"line":15,"column":0},"end":{"line":15,"column":66}},"15":{"start":{"line":16,"column":0},"end":{"line":16,"column":60}},"16":{"start":{"line":17,"column":0},"end":{"line":17,"column":39}},"17":{"start":{"line":18,"column":0},"end":{"line":18,"column":4}},"19":{"start":{"line":20,"column":0},"end":{"line":20,"column":69}},"20":{"start":{"line":21,"column":0},"end":{"line":21,"column":23}},"22":{"start":{"line":23,"column":0},"end":{"line":23,"column":48}},"23":{"start":{"line":24,"column":0},"end":{"line":24,"column":67}},"24":{"start":{"line":25,"column":0},"end":{"line":25,"column":53}},"26":{"start":{"line":27,"column":0},"end":{"line":27,"column":29}},"28":{"start":{"line":29,"column":0},"end":{"line":29,"column":96}},"29":{"start":{"line":30,"column":0},"end":{"line":30,"column":4}},"31":{"start":{"line":32,"column":0},"end":{"line":32,"column":10}},"32":{"start":{"line":33,"column":0},"end":{"line":33,"column":27}},"33":{"start":{"line":34,"column":0},"end":{"line":34,"column":28}},"34":{"start":{"line":35,"column":0},"end":{"line":35,"column":34}},"35":{"start":{"line":36,"column":0},"end":{"line":36,"column":13}},"36":{"start":{"line":37,"column":0},"end":{"line":37,"column":28}},"37":{"start":{"line":38,"column":0},"end":{"line":38,"column":16}},"38":{"start":{"line":39,"column":0},"end":{"line":39,"column":25}},"39":{"start":{"line":40,"column":0},"end":{"line":40,"column":30}},"40":{"start":{"line":41,"column":0},"end":{"line":41,"column":63}},"41":{"start":{"line":42,"column":0},"end":{"line":42,"column":36}},"42":{"start":{"line":43,"column":0},"end":{"line":43,"column":12}},"43":{"start":{"line":44,"column":0},"end":{"line":44,"column":14}},"44":{"start":{"line":45,"column":0},"end":{"line":45,"column":13}},"45":{"start":{"line":46,"column":0},"end":{"line":46,"column":28}},"46":{"start":{"line":47,"column":0},"end":{"line":47,"column":16}},"47":{"start":{"line":48,"column":0},"end":{"line":48,"column":25}},"48":{"start":{"line":49,"column":0},"end":{"line":49,"column":30}},"49":{"start":{"line":50,"column":0},"end":{"line":50,"column":63}},"50":{"start":{"line":51,"column":0},"end":{"line":51,"column":36}},"51":{"start":{"line":52,"column":0},"end":{"line":52,"column":12}},"52":{"start":{"line":53,"column":0},"end":{"line":53,"column":14}},"53":{"start":{"line":54,"column":0},"end":{"line":54,"column":78}},"55":{"start":{"line":56,"column":0},"end":{"line":56,"column":17}},"56":{"start":{"line":57,"column":0},"end":{"line":57,"column":13}},"57":{"start":{"line":58,"column":0},"end":{"line":58,"column":30}},"58":{"start":{"line":59,"column":0},"end":{"line":59,"column":13}},"59":{"start":{"line":60,"column":0},"end":{"line":60,"column":68}},"60":{"start":{"line":61,"column":0},"end":{"line":61,"column":35}},"61":{"start":{"line":62,"column":0},"end":{"line":62,"column":14}},"63":{"start":{"line":64,"column":0},"end":{"line":64,"column":44}},"64":{"start":{"line":65,"column":0},"end":{"line":65,"column":10}},"66":{"start":{"line":67,"column":0},"end":{"line":67,"column":1}}},"s":{"0":1,"1":1,"6":11,"7":11,"8":11,"9":11,"10":11,"12":11,"13":4,"14":4,"15":4,"16":0,"17":4,"19":11,"20":3,"22":3,"23":3,"24":3,"26":3,"28":3,"29":3,"31":11,"32":11,"33":11,"34":11,"35":11,"36":11,"37":11,"38":11,"39":11,"40":11,"41":11,"42":11,"43":11,"44":11,"45":11,"46":11,"47":11,"48":11,"49":11,"50":11,"51":11,"52":11,"53":11,"55":11,"56":11,"57":11,"58":4,"59":4,"60":4,"61":4,"63":11,"64":11,"66":11},"branchMap":{"0":{"type":"branch","line":7,"loc":{"start":{"line":7,"column":0},"end":{"line":67,"column":1}},"locations":[{"start":{"line":7,"column":0},"end":{"line":67,"column":1}}]},"1":{"type":"branch","line":58,"loc":{"start":{"line":58,"column":18},"end":{"line":58,"column":30}},"locations":[{"start":{"line":58,"column":18},"end":{"line":58,"column":30}}]},"2":{"type":"branch","line":58,"loc":{"start":{"line":58,"column":22},"end":{"line":62,"column":14}},"locations":[{"start":{"line":58,"column":22},"end":{"line":62,"column":14}}]},"3":{"type":"branch","line":13,"loc":{"start":{"line":13,"column":25},"end":{"line":18,"column":4}},"locations":[{"start":{"line":13,"column":25},"end":{"line":18,"column":4}}]},"4":{"type":"branch","line":14,"loc":{"start":{"line":14,"column":23},"end":{"line":14,"column":44}},"locations":[{"start":{"line":14,"column":23},"end":{"line":14,"column":44}}]},"5":{"type":"branch","line":15,"loc":{"start":{"line":15,"column":43},"end":{"line":15,"column":66}},"locations":[{"start":{"line":15,"column":43},"end":{"line":15,"column":66}}]},"6":{"type":"branch","line":15,"loc":{"start":{"line":15,"column":50},"end":{"line":16,"column":40}},"locations":[{"start":{"line":15,"column":50},"end":{"line":16,"column":40}}]},"7":{"type":"branch","line":16,"loc":{"start":{"line":16,"column":40},"end":{"line":16,"column":60}},"locations":[{"start":{"line":16,"column":40},"end":{"line":16,"column":60}}]},"8":{"type":"branch","line":16,"loc":{"start":{"line":16,"column":47},"end":{"line":17,"column":39}},"locations":[{"start":{"line":16,"column":47},"end":{"line":17,"column":39}}]},"9":{"type":"branch","line":20,"loc":{"start":{"line":20,"column":21},"end":{"line":30,"column":4}},"locations":[{"start":{"line":20,"column":21},"end":{"line":30,"column":4}}]},"10":{"type":"branch","line":29,"loc":{"start":{"line":29,"column":18},"end":{"line":29,"column":94}},"locations":[{"start":{"line":29,"column":18},"end":{"line":29,"column":94}}]},"11":{"type":"branch","line":41,"loc":{"start":{"line":41,"column":22},"end":{"line":41,"column":63}},"locations":[{"start":{"line":41,"column":22},"end":{"line":41,"column":63}}]},"12":{"type":"branch","line":50,"loc":{"start":{"line":50,"column":22},"end":{"line":50,"column":63}},"locations":[{"start":{"line":50,"column":22},"end":{"line":50,"column":63}}]}},"b":{"0":[11],"1":[7],"2":[4],"3":[4],"4":[0],"5":[3],"6":[1],"7":[1],"8":[0],"9":[3],"10":[3],"11":[3],"12":[2]},"fnMap":{"0":{"name":"BMI","decl":{"start":{"line":7,"column":0},"end":{"line":67,"column":1}},"loc":{"start":{"line":7,"column":0},"end":{"line":67,"column":1}},"line":7},"1":{"name":"handleResponse","decl":{"start":{"line":13,"column":25},"end":{"line":18,"column":4}},"loc":{"start":{"line":13,"column":25},"end":{"line":18,"column":4}},"line":13},"2":{"name":"handleCalc","decl":{"start":{"line":20,"column":21},"end":{"line":30,"column":4}},"loc":{"start":{"line":20,"column":21},"end":{"line":30,"column":4}},"line":20},"3":{"name":"onChange","decl":{"start":{"line":41,"column":22},"end":{"line":41,"column":63}},"loc":{"start":{"line":41,"column":22},"end":{"line":41,"column":63}},"line":41},"4":{"name":"onChange","decl":{"start":{"line":50,"column":22},"end":{"line":50,"column":63}},"loc":{"start":{"line":50,"column":22},"end":{"line":50,"column":63}},"line":50}},"f":{"0":11,"1":4,"2":3,"3":3,"4":2}}
,"/Users/oscarjigbring/Documents/skolkod/testning_inlamning/src/components/GitHubLogo.tsx": {"path":"/Users/oscarjigbring/Documents/skolkod/testning_inlamning/src/components/GitHubLogo.tsx","all":false,"statementMap":{"0":{"start":{"line":1,"column":0},"end":{"line":1,"column":47}},"1":{"start":{"line":2,"column":0},"end":{"line":2,"column":38}},"2":{"start":{"line":3,"column":0},"end":{"line":3,"column":10}},"3":{"start":{"line":4,"column":0},"end":{"line":4,"column":84}},"4":{"start":{"line":5,"column":0},"end":{"line":5,"column":47}},"5":{"start":{"line":6,"column":0},"end":{"line":6,"column":8}},"7":{"start":{"line":8,"column":0},"end":{"line":8,"column":1}}},"s":{"0":1,"1":6,"2":6,"3":6,"4":6,"5":6,"7":6},"branchMap":{"0":{"type":"branch","line":2,"loc":{"start":{"line":2,"column":0},"end":{"line":8,"column":1}},"locations":[{"start":{"line":2,"column":0},"end":{"line":8,"column":1}}]}},"b":{"0":[6]},"fnMap":{"0":{"name":"GitHubLogo","decl":{"start":{"line":2,"column":0},"end":{"line":8,"column":1}},"loc":{"start":{"line":2,"column":0},"end":{"line":8,"column":1}},"line":2}},"f":{"0":6}}
,"/Users/oscarjigbring/Documents/skolkod/testning_inlamning/src/components/Header.tsx": {"path":"/Users/oscarjigbring/Documents/skolkod/testning_inlamning/src/components/Header.tsx","all":false,"statementMap":{"0":{"start":{"line":1,"column":0},"end":{"line":1,"column":38}},"2":{"start":{"line":3,"column":0},"end":{"line":3,"column":34}},"3":{"start":{"line":4,"column":0},"end":{"line":4,"column":10}},"4":{"start":{"line":5,"column":0},"end":{"line":5,"column":58}},"5":{"start":{"line":6,"column":0},"end":{"line":6,"column":51}},"6":{"start":{"line":7,"column":0},"end":{"line":7,"column":20}},"7":{"start":{"line":8,"column":0},"end":{"line":8,"column":13}},"9":{"start":{"line":10,"column":0},"end":{"line":10,"column":1}}},"s":{"0":1,"2":6,"3":6,"4":6,"5":6,"6":6,"7":6,"9":6},"branchMap":{"0":{"type":"branch","line":3,"loc":{"start":{"line":3,"column":0},"end":{"line":10,"column":1}},"locations":[{"start":{"line":3,"column":0},"end":{"line":10,"column":1}}]}},"b":{"0":[6]},"fnMap":{"0":{"name":"Header","decl":{"start":{"line":3,"column":0},"end":{"line":10,"column":1}},"loc":{"start":{"line":3,"column":0},"end":{"line":10,"column":1}},"line":3}},"f":{"0":6}}
,"/Users/oscarjigbring/Documents/skolkod/testning_inlamning/src/components/NavBar.tsx": {"path":"/Users/oscarjigbring/Documents/skolkod/testning_inlamning/src/components/NavBar.tsx","all":false,"statementMap":{"0":{"start":{"line":1,"column":0},"end":{"line":1,"column":35}},"1":{"start":{"line":2,"column":0},"end":{"line":2,"column":41}},"3":{"start":{"line":4,"column":0},"end":{"line":4,"column":34}},"4":{"start":{"line":5,"column":0},"end":{"line":5,"column":52}},"5":{"start":{"line":6,"column":0},"end":{"line":6,"column":10}},"6":{"start":{"line":7,"column":0},"end":{"line":7,"column":69}},"7":{"start":{"line":8,"column":0},"end":{"line":8,"column":10}},"8":{"start":{"line":9,"column":0},"end":{"line":9,"column":120}},"9":{"start":{"line":10,"column":0},"end":{"line":10,"column":59}},"10":{"start":{"line":11,"column":0},"end":{"line":11,"column":11}},"11":{"start":{"line":12,"column":0},"end":{"line":12,"column":24}},"12":{"start":{"line":13,"column":0},"end":{"line":13,"column":35}},"13":{"start":{"line":14,"column":0},"end":{"line":14,"column":10}},"14":{"start":{"line":15,"column":0},"end":{"line":15,"column":39}},"15":{"start":{"line":16,"column":0},"end":{"line":16,"column":7}},"17":{"start":{"line":18,"column":0},"end":{"line":18,"column":12}},"18":{"start":{"line":19,"column":0},"end":{"line":19,"column":10}},"19":{"start":{"line":20,"column":0},"end":{"line":20,"column":120}},"20":{"start":{"line":21,"column":0},"end":{"line":21,"column":52}},"21":{"start":{"line":22,"column":0},"end":{"line":22,"column":11}},"22":{"start":{"line":23,"column":0},"end":{"line":23,"column":24}},"23":{"start":{"line":24,"column":0},"end":{"line":24,"column":28}},"24":{"start":{"line":25,"column":0},"end":{"line":25,"column":10}},"25":{"start":{"line":26,"column":0},"end":{"line":26,"column":32}},"26":{"start":{"line":27,"column":0},"end":{"line":27,"column":7}},"28":{"start":{"line":29,"column":0},"end":{"line":29,"column":12}},"29":{"start":{"line":30,"column":0},"end":{"line":30,"column":10}},"31":{"start":{"line":32,"column":0},"end":{"line":32,"column":1}}},"s":{"0":1,"1":1,"3":6,"4":6,"5":6,"6":6,"7":6,"8":6,"9":6,"10":6,"11":6,"12":1,"13":1,"14":6,"15":6,"17":6,"18":6,"19":6,"20":6,"21":6,"22":6,"23":1,"24":1,"25":6,"26":6,"28":6,"29":6,"31":6},"branchMap":{"0":{"type":"branch","line":4,"loc":{"start":{"line":4,"column":0},"end":{"line":32,"column":1}},"locations":[{"start":{"line":4,"column":0},"end":{"line":32,"column":1}}]},"1":{"type":"branch","line":10,"loc":{"start":{"line":10,"column":22},"end":{"line":10,"column":59}},"locations":[{"start":{"line":10,"column":22},"end":{"line":10,"column":59}}]},"2":{"type":"branch","line":21,"loc":{"start":{"line":21,"column":22},"end":{"line":21,"column":52}},"locations":[{"start":{"line":21,"column":22},"end":{"line":21,"column":52}}]},"3":{"type":"branch","line":12,"loc":{"start":{"line":12,"column":17},"end":{"line":14,"column":10}},"locations":[{"start":{"line":12,"column":17},"end":{"line":14,"column":10}}]},"4":{"type":"branch","line":23,"loc":{"start":{"line":23,"column":17},"end":{"line":25,"column":10}},"locations":[{"start":{"line":23,"column":17},"end":{"line":25,"column":10}}]}},"b":{"0":[6],"1":[1],"2":[1],"3":[1],"4":[1]},"fnMap":{"0":{"name":"NavBar","decl":{"start":{"line":4,"column":0},"end":{"line":32,"column":1}},"loc":{"start":{"line":4,"column":0},"end":{"line":32,"column":1}},"line":4},"1":{"name":"onClick","decl":{"start":{"line":12,"column":17},"end":{"line":14,"column":10}},"loc":{"start":{"line":12,"column":17},"end":{"line":14,"column":10}},"line":12},"2":{"name":"onClick","decl":{"start":{"line":23,"column":17},"end":{"line":25,"column":10}},"loc":{"start":{"line":23,"column":17},"end":{"line":25,"column":10}},"line":23}},"f":{"0":6,"1":1,"2":1}}
,"/Users/oscarjigbring/Documents/skolkod/testning_inlamning/src/components/OldResults.tsx": {"path":"/Users/oscarjigbring/Documents/skolkod/testning_inlamning/src/components/OldResults.tsx","all":false,"statementMap":{"0":{"start":{"line":1,"column":0},"end":{"line":1,"column":17}},"4":{"start":{"line":5,"column":0},"end":{"line":5,"column":59}},"5":{"start":{"line":6,"column":0},"end":{"line":6,"column":10}},"6":{"start":{"line":7,"column":0},"end":{"line":7,"column":9}},"7":{"start":{"line":8,"column":0},"end":{"line":8,"column":32}},"8":{"start":{"line":9,"column":0},"end":{"line":9,"column":36}},"9":{"start":{"line":10,"column":0},"end":{"line":10,"column":42}},"10":{"start":{"line":11,"column":0},"end":{"line":11,"column":26}},"11":{"start":{"line":12,"column":0},"end":{"line":12,"column":82}},"12":{"start":{"line":13,"column":0},"end":{"line":13,"column":15}},"13":{"start":{"line":14,"column":0},"end":{"line":14,"column":11}},"14":{"start":{"line":15,"column":0},"end":{"line":15,"column":11}},"15":{"start":{"line":16,"column":0},"end":{"line":16,"column":10}},"17":{"start":{"line":18,"column":0},"end":{"line":18,"column":1}}},"s":{"0":1,"4":11,"5":11,"6":11,"7":11,"8":11,"9":11,"10":5,"11":5,"12":5,"13":11,"14":11,"15":11,"17":11},"branchMap":{"0":{"type":"branch","line":5,"loc":{"start":{"line":5,"column":0},"end":{"line":18,"column":1}},"locations":[{"start":{"line":5,"column":0},"end":{"line":18,"column":1}}]},"1":{"type":"branch","line":10,"loc":{"start":{"line":10,"column":24},"end":{"line":13,"column":15}},"locations":[{"start":{"line":10,"column":24},"end":{"line":13,"column":15}}]}},"b":{"0":[11],"1":[5]},"fnMap":{"0":{"name":"OldResults","decl":{"start":{"line":5,"column":0},"end":{"line":18,"column":1}},"loc":{"start":{"line":5,"column":0},"end":{"line":18,"column":1}},"line":5}},"f":{"0":11}}
,"/Users/oscarjigbring/Documents/skolkod/testning_inlamning/src/components/Percentage.tsx": {"path":"/Users/oscarjigbring/Documents/skolkod/testning_inlamning/src/components/Percentage.tsx","all":false,"statementMap":{"0":{"start":{"line":1,"column":0},"end":{"line":1,"column":33}},"2":{"start":{"line":3,"column":0},"end":{"line":3,"column":38}},"3":{"start":{"line":4,"column":0},"end":{"line":4,"column":50}},"4":{"start":{"line":5,"column":0},"end":{"line":5,"column":42}},"5":{"start":{"line":6,"column":0},"end":{"line":6,"column":42}},"7":{"start":{"line":8,"column":0},"end":{"line":8,"column":35}},"8":{"start":{"line":9,"column":0},"end":{"line":9,"column":34}},"9":{"start":{"line":10,"column":0},"end":{"line":10,"column":4}},"10":{"start":{"line":11,"column":0},"end":{"line":11,"column":31}},"11":{"start":{"line":12,"column":0},"end":{"line":12,"column":30}},"12":{"start":{"line":13,"column":0},"end":{"line":13,"column":4}},"14":{"start":{"line":15,"column":0},"end":{"line":15,"column":29}},"15":{"start":{"line":16,"column":0},"end":{"line":16,"column":23}},"16":{"start":{"line":17,"column":0},"end":{"line":17,"column":67}},"17":{"start":{"line":18,"column":0},"end":{"line":18,"column":26}},"18":{"start":{"line":19,"column":0},"end":{"line":19,"column":4}},"19":{"start":{"line":20,"column":0},"end":{"line":20,"column":10}},"20":{"start":{"line":21,"column":0},"end":{"line":21,"column":34}},"21":{"start":{"line":22,"column":0},"end":{"line":22,"column":35}},"22":{"start":{"line":23,"column":0},"end":{"line":23,"column":49}},"23":{"start":{"line":24,"column":0},"end":{"line":24,"column":22}},"24":{"start":{"line":25,"column":0},"end":{"line":25,"column":14}},"25":{"start":{"line":26,"column":0},"end":{"line":26,"column":23}},"26":{"start":{"line":27,"column":0},"end":{"line":27,"column":28}},"27":{"start":{"line":28,"column":0},"end":{"line":28,"column":28}},"28":{"start":{"line":29,"column":0},"end":{"line":29,"column":32}},"29":{"start":{"line":30,"column":0},"end":{"line":30,"column":12}},"30":{"start":{"line":31,"column":0},"end":{"line":31,"column":45}},"31":{"start":{"line":32,"column":0},"end":{"line":32,"column":10}},"32":{"start":{"line":33,"column":0},"end":{"line":33,"column":19}},"34":{"start":{"line":35,"column":0},"end":{"line":35,"column":14}},"35":{"start":{"line":36,"column":0},"end":{"line":36,"column":23}},"36":{"start":{"line":37,"column":0},"end":{"line":37,"column":28}},"37":{"start":{"line":38,"column":0},"end":{"line":38,"column":28}},"38":{"start":{"line":39,"column":0},"end":{"line":39,"column":28}},"39":{"start":{"line":40,"column":0},"end":{"line":40,"column":12}},"40":{"start":{"line":41,"column":0},"end":{"line":41,"column":41}},"41":{"start":{"line":42,"column":0},"end":{"line":42,"column":10}},"42":{"start":{"line":43,"column":0},"end":{"line":43,"column":16}},"43":{"start":{"line":44,"column":0},"end":{"line":44,"column":15}},"44":{"start":{"line":45,"column":0},"end":{"line":45,"column":79}},"45":{"start":{"line":46,"column":0},"end":{"line":46,"column":40}},"46":{"start":{"line":47,"column":0},"end":{"line":47,"column":41}},"47":{"start":{"line":48,"column":0},"end":{"line":48,"column":9}},"49":{"start":{"line":50,"column":0},"end":{"line":50,"column":17}},"50":{"start":{"line":51,"column":0},"end":{"line":51,"column":13}},"51":{"start":{"line":52,"column":0},"end":{"line":52,"column":63}},"52":{"start":{"line":53,"column":0},"end":{"line":53,"column":10}},"54":{"start":{"line":55,"column":0},"end":{"line":55,"column":1}}},"s":{"0":1,"2":5,"3":5,"4":5,"5":5,"7":5,"8":1,"9":1,"10":5,"11":1,"12":1,"14":5,"15":1,"16":1,"17":1,"18":1,"19":5,"20":5,"21":5,"22":5,"23":5,"24":5,"25":5,"26":5,"27":5,"28":1,"29":1,"30":5,"31":5,"32":5,"34":5,"35":5,"36":5,"37":5,"38":1,"39":1,"40":5,"41":5,"42":5,"43":5,"44":5,"45":5,"46":5,"47":5,"49":5,"50":5,"51":5,"52":5,"54":5},"branchMap":{"0":{"type":"branch","line":3,"loc":{"start":{"line":3,"column":0},"end":{"line":55,"column":1}},"locations":[{"start":{"line":3,"column":0},"end":{"line":55,"column":1}}]},"1":{"type":"branch","line":8,"loc":{"start":{"line":8,"column":27},"end":{"line":10,"column":4}},"locations":[{"start":{"line":8,"column":27},"end":{"line":10,"column":4}}]},"2":{"type":"branch","line":11,"loc":{"start":{"line":11,"column":23},"end":{"line":13,"column":4}},"locations":[{"start":{"line":11,"column":23},"end":{"line":13,"column":4}}]},"3":{"type":"branch","line":15,"loc":{"start":{"line":15,"column":21},"end":{"line":19,"column":4}},"locations":[{"start":{"line":15,"column":21},"end":{"line":19,"column":4}}]},"4":{"type":"branch","line":28,"loc":{"start":{"line":28,"column":20},"end":{"line":30,"column":12}},"locations":[{"start":{"line":28,"column":20},"end":{"line":30,"column":12}}]},"5":{"type":"branch","line":38,"loc":{"start":{"line":38,"column":20},"end":{"line":40,"column":12}},"locations":[{"start":{"line":38,"column":20},"end":{"line":40,"column":12}}]},"6":{"type":"branch","line":46,"loc":{"start":{"line":46,"column":19},"end":{"line":46,"column":40}},"locations":[{"start":{"line":46,"column":19},"end":{"line":46,"column":40}}]}},"b":{"0":[5],"1":[1],"2":[1],"3":[1],"4":[1],"5":[1],"6":[1]},"fnMap":{"0":{"name":"Percentage","decl":{"start":{"line":3,"column":0},"end":{"line":55,"column":1}},"loc":{"start":{"line":3,"column":0},"end":{"line":55,"column":1}},"line":3},"1":{"name":"handlePercentage","decl":{"start":{"line":8,"column":27},"end":{"line":10,"column":4}},"loc":{"start":{"line":8,"column":27},"end":{"line":10,"column":4}},"line":8},"2":{"name":"handleAmount","decl":{"start":{"line":11,"column":23},"end":{"line":13,"column":4}},"loc":{"start":{"line":11,"column":23},"end":{"line":13,"column":4}},"line":11},"3":{"name":"handleCalc","decl":{"start":{"line":15,"column":21},"end":{"line":19,"column":4}},"loc":{"start":{"line":15,"column":21},"end":{"line":19,"column":4}},"line":15},"4":{"name":"onChange","decl":{"start":{"line":28,"column":20},"end":{"line":30,"column":12}},"loc":{"start":{"line":28,"column":20},"end":{"line":30,"column":12}},"line":28},"5":{"name":"onChange","decl":{"start":{"line":38,"column":20},"end":{"line":40,"column":12}},"loc":{"start":{"line":38,"column":20},"end":{"line":40,"column":12}},"line":38},"6":{"name":"onClick","decl":{"start":{"line":46,"column":19},"end":{"line":46,"column":40}},"loc":{"start":{"line":46,"column":19},"end":{"line":46,"column":40}},"line":46}},"f":{"0":5,"1":1,"2":1,"3":1,"4":1,"5":1,"6":1}}
,"/Users/oscarjigbring/Documents/skolkod/testning_inlamning/src/components/Subtraction.tsx": {"path":"/Users/oscarjigbring/Documents/skolkod/testning_inlamning/src/components/Subtraction.tsx","all":false,"statementMap":{"0":{"start":{"line":1,"column":0},"end":{"line":1,"column":39}},"1":{"start":{"line":2,"column":0},"end":{"line":2,"column":32}},"2":{"start":{"line":3,"column":0},"end":{"line":3,"column":1}}},"s":{"0":0,"1":0,"2":0},"branchMap":{},"b":{},"fnMap":{"0":{"name":"Subtraction","decl":{"start":{"line":1,"column":0},"end":{"line":3,"column":1}},"loc":{"start":{"line":1,"column":0},"end":{"line":3,"column":1}},"line":1}},"f":{"0":0}}
}
